{
  "profileName": "Mybfbot",
  "jobId": "1c9d8b9d-cc6d-49af-899e-f58d31d2cc50",
  "projectId": "61372.333546052534",
  "time": "2022-03-22T20:02:05.329Z",
  "log": [
    "Creating Azure resources...",
    "Checking the Existence of the Resource Group ...",
    "Use the Resource Group: teide-temp at eastus2",
    "> Creating App Registration ...",
    "Start to add password for App, Id : 356e44f8-2116-4b99-87b2-b5850a4126e6",
    "> Create App Registration Success! ID: 356e44f8-2116-4b99-87b2-b5850a4126e6",
    "Deploying Web App Resource ...",
    "Deploying Bot Resource ...",
    "Deploying Cosmos DB Resource ...",
    "Deploying Application Insights Resource ...",
    "> Linking Application Insights settings to Bot Service ...",
    "> AppInsights AppId: cfedd05d-b5b8-41db-be38-87dccc9f6ffc ...",
    "> AppInsights InstrumentationKey: 1d09d499-b4d7-45c3-afbd-24d035d41699 ...",
    "> AppInsights ApiKey: gs07g5o23xqv3iccht8uey0i50qhxkxlyxefuyld ...",
    "> Linking Application Insights settings to Bot Service Success!",
    "Deploying Blob Storage Resource ...",
    "Deploying Luis Authoring Resource ...",
    "Deploying Luis Resource ...",
    "Deploying QnA Resource ...",
    "Provisioning completed successfully!"
  ]
}
